2022-12-07 19:23:26 SEVERE: Exception while retrieving tokens from persistence - zcrmsdk\oauth\exception\ZohoOAuthException Caused by:'No Tokens exist for the given user-identifier,Please generate and try again.' in C:\Users\tgomez\Desktop\dev\api-payments\vendor\zohocrm\php-sdk-archive\src\oauth\persistence\ZohoOAuthPersistenceByFile.php(44)
#0 C:\Users\tgomez\Desktop\dev\api-payments\vendor\zohocrm\php-sdk-archive\src\oauth\ZohoOAuthClient.php(38): zcrmsdk\oauth\persistence\ZohoOAuthPersistenceByFile->getOAuthTokens('copyzoho.custom...')
#1 C:\Users\tgomez\Desktop\dev\api-payments\vendor\zohocrm\php-sdk-archive\src\crm\utility\ZCRMConfigUtil.php(104): zcrmsdk\oauth\ZohoOAuthClient->getAccessToken('copyzoho.custom...')
#2 C:\Users\tgomez\Desktop\dev\api-payments\vendor\zohocrm\php-sdk-archive\src\crm\api\APIRequest.php(88): zcrmsdk\crm\utility\ZCRMConfigUtil::getAccessToken()
#3 C:\Users\tgomez\Desktop\dev\api-payments\vendor\zohocrm\php-sdk-archive\src\crm\api\APIRequest.php(138): zcrmsdk\crm\api\APIRequest->authenticateRequest()
#4 C:\Users\tgomez\Desktop\dev\api-payments\vendor\zohocrm\php-sdk-archive\src\crm\api\handler\MassEntityAPIHandler.php(335): zcrmsdk\crm\api\APIRequest->getBulkAPIResponse()
#5 C:\Users\tgomez\Desktop\dev\api-payments\vendor\zohocrm\php-sdk-archive\src\crm\crud\ZCRMModule.php(1131): zcrmsdk\crm\api\handler\MassEntityAPIHandler->searchRecords(Array, 'criteria', '(SO_Number:equa...')
#6 C:\Users\tgomez\Desktop\dev\api-payments\app\Http\Controllers\ZohoController.php(36): zcrmsdk\crm\crud\ZCRMModule->searchRecordsByCriteria('(SO_Number:equa...')
#7 C:\Users\tgomez\Desktop\dev\api-payments\app\Http\Controllers\ZohoController.php(54): App\Http\Controllers\ZohoController->fetchRecordWithValue('Sales_Orders', 'SO_Number', 2712674000015041001)
#8 C:\Users\tgomez\Desktop\dev\api-payments\vendor\laravel\framework\src\Illuminate\Routing\Controller.php(54): App\Http\Controllers\ZohoController->getContractBySO(Object(Illuminate\Http\Request), 2712674000015041001)
#9 C:\Users\tgomez\Desktop\dev\api-payments\vendor\laravel\framework\src\Illuminate\Routing\ControllerDispatcher.php(45): Illuminate\Routing\Controller->callAction('getContractBySO', Array)
#10 C:\Users\tgomez\Desktop\dev\api-payments\vendor\laravel\framework\src\Illuminate\Routing\Route.php(262): Illuminate\Routing\ControllerDispatcher->dispatch(Object(Illuminate\Routing\Route), Object(App\Http\Controllers\ZohoController), 'getContractBySO')
#11 C:\Users\tgomez\Desktop\dev\api-payments\vendor\laravel\framework\src\Illuminate\Routing\Route.php(205): Illuminate\Routing\Route->runController()
#12 C:\Users\tgomez\Desktop\dev\api-payments\vendor\laravel\framework\src\Illuminate\Routing\Router.php(721): Illuminate\Routing\Route->run()
#13 C:\Users\tgomez\Desktop\dev\api-payments\vendor\laravel\framework\src\Illuminate\Pipeline\Pipeline.php(128): Illuminate\Routing\Router->Illuminate\Routing\{closure}(Object(Illuminate\Http\Request))
#14 C:\Users\tgomez\Desktop\dev\api-payments\vendor\laravel\framework\src\Illuminate\Routing\Middleware\SubstituteBindings.php(50): Illuminate\Pipeline\Pipeline->Illuminate\Pipeline\{closure}(Object(Illuminate\Http\Request))
#15 C:\Users\tgomez\Desktop\dev\api-payments\vendor\laravel\framework\src\Illuminate\Pipeline\Pipeline.php(167): Illuminate\Routing\Middleware\SubstituteBindings->handle(Object(Illuminate\Http\Request), Object(Closure))
#16 C:\Users\tgomez\Desktop\dev\api-payments\vendor\laravel\framework\src\Illuminate\Foundation\Http\Middleware\VerifyCsrfToken.php(78): Illuminate\Pipeline\Pipeline->Illuminate\Pipeline\{closure}(Object(Illuminate\Http\Request))
#17 C:\Users\tgomez\Desktop\dev\api-payments\vendor\laravel\framework\src\Illuminate\Pipeline\Pipeline.php(167): Illuminate\Foundation\Http\Middleware\VerifyCsrfToken->handle(Object(Illuminate\Http\Request), Object(Closure))
#18 C:\Users\tgomez\Desktop\dev\api-payments\vendor\laravel\framework\src\Illuminate\View\Middleware\ShareErrorsFromSession.php(49): Illuminate\Pipeline\Pipeline->Illuminate\Pipeline\{closure}(Object(Illuminate\Http\Request))
#19 C:\Users\tgomez\Desktop\dev\api-payments\vendor\laravel\framework\src\Illuminate\Pipeline\Pipeline.php(167): Illuminate\View\Middleware\ShareErrorsFromSession->handle(Object(Illuminate\Http\Request), Object(Closure))
#20 C:\Users\tgomez\Desktop\dev\api-payments\vendor\laravel\framework\src\Illuminate\Session\Middleware\StartSession.php(121): Illuminate\Pipeline\Pipeline->Illuminate\Pipeline\{closure}(Object(Illuminate\Http\Request))
#21 C:\Users\tgomez\Desktop\dev\api-payments\vendor\laravel\framework\src\Illuminate\Session\Middleware\StartSession.php(64): Illuminate\Session\Middleware\StartSession->handleStatefulRequest(Object(Illuminate\Http\Request), Object(Illuminate\Session\Store), Object(Closure))
#22 C:\Users\tgomez\Desktop\dev\api-payments\vendor\laravel\framework\src\Illuminate\Pipeline\Pipeline.php(167): Illuminate\Session\Middleware\StartSession->handle(Object(Illuminate\Http\Request), Object(Closure))
#23 C:\Users\tgomez\Desktop\dev\api-payments\vendor\laravel\framework\src\Illuminate\Cookie\Middleware\AddQueuedCookiesToResponse.php(37): Illuminate\Pipeline\Pipeline->Illuminate\Pipeline\{closure}(Object(Illuminate\Http\Request))
#24 C:\Users\tgomez\Desktop\dev\api-payments\vendor\laravel\framework\src\Illuminate\Pipeline\Pipeline.php(167): Illuminate\Cookie\Middleware\AddQueuedCookiesToResponse->handle(Object(Illuminate\Http\Request), Object(Closure))
#25 C:\Users\tgomez\Desktop\dev\api-payments\vendor\laravel\framework\src\Illuminate\Cookie\Middleware\EncryptCookies.php(67): Illuminate\Pipeline\Pipeline->Illuminate\Pipeline\{closure}(Object(Illuminate\Http\Request))
#26 C:\Users\tgomez\Desktop\dev\api-payments\vendor\laravel\framework\src\Illuminate\Pipeline\Pipeline.php(167): Illuminate\Cookie\Middleware\EncryptCookies->handle(Object(Illuminate\Http\Request), Object(Closure))
#27 C:\Users\tgomez\Desktop\dev\api-payments\vendor\laravel\framework\src\Illuminate\Pipeline\Pipeline.php(103): Illuminate\Pipeline\Pipeline->Illuminate\Pipeline\{closure}(Object(Illuminate\Http\Request))
#28 C:\Users\tgomez\Desktop\dev\api-payments\vendor\laravel\framework\src\Illuminate\Routing\Router.php(723): Illuminate\Pipeline\Pipeline->then(Object(Closure))
#29 C:\Users\tgomez\Desktop\dev\api-payments\vendor\laravel\framework\src\Illuminate\Routing\Router.php(698): Illuminate\Routing\Router->runRouteWithinStack(Object(Illuminate\Routing\Route), Object(Illuminate\Http\Request))
#30 C:\Users\tgomez\Desktop\dev\api-payments\vendor\laravel\framework\src\Illuminate\Routing\Router.php(662): Illuminate\Routing\Router->runRoute(Object(Illuminate\Http\Request), Object(Illuminate\Routing\Route))
#31 C:\Users\tgomez\Desktop\dev\api-payments\vendor\laravel\framework\src\Illuminate\Routing\Router.php(651): Illuminate\Routing\Router->dispatchToRoute(Object(Illuminate\Http\Request))
#32 C:\Users\tgomez\Desktop\dev\api-payments\vendor\laravel\framework\src\Illuminate\Foundation\Http\Kernel.php(167): Illuminate\Routing\Router->dispatch(Object(Illuminate\Http\Request))
#33 C:\Users\tgomez\Desktop\dev\api-payments\vendor\laravel\framework\src\Illuminate\Pipeline\Pipeline.php(128): Illuminate\Foundation\Http\Kernel->Illuminate\Foundation\Http\{closure}(Object(Illuminate\Http\Request))
#34 C:\Users\tgomez\Desktop\dev\api-payments\vendor\laravel\framework\src\Illuminate\Foundation\Http\Middleware\TransformsRequest.php(21): Illuminate\Pipeline\Pipeline->Illuminate\Pipeline\{closure}(Object(Illuminate\Http\Request))
#35 C:\Users\tgomez\Desktop\dev\api-payments\vendor\laravel\framework\src\Illuminate\Foundation\Http\Middleware\ConvertEmptyStringsToNull.php(31): Illuminate\Foundation\Http\Middleware\TransformsRequest->handle(Object(Illuminate\Http\Request), Object(Closure))
#36 C:\Users\tgomez\Desktop\dev\api-payments\vendor\laravel\framework\src\Illuminate\Pipeline\Pipeline.php(167): Illuminate\Foundation\Http\Middleware\ConvertEmptyStringsToNull->handle(Object(Illuminate\Http\Request), Object(Closure))
#37 C:\Users\tgomez\Desktop\dev\api-payments\vendor\laravel\framework\src\Illuminate\Foundation\Http\Middleware\TransformsRequest.php(21): Illuminate\Pipeline\Pipeline->Illuminate\Pipeline\{closure}(Object(Illuminate\Http\Request))
#38 C:\Users\tgomez\Desktop\dev\api-payments\vendor\laravel\framework\src\Illuminate\Foundation\Http\Middleware\TrimStrings.php(40): Illuminate\Foundation\Http\Middleware\TransformsRequest->handle(Object(Illuminate\Http\Request), Object(Closure))
#39 C:\Users\tgomez\Desktop\dev\api-payments\vendor\laravel\framework\src\Illuminate\Pipeline\Pipeline.php(167): Illuminate\Foundation\Http\Middleware\TrimStrings->handle(Object(Illuminate\Http\Request), Object(Closure))
#40 C:\Users\tgomez\Desktop\dev\api-payments\vendor\laravel\framework\src\Illuminate\Foundation\Http\Middleware\ValidatePostSize.php(27): Illuminate\Pipeline\Pipeline->Illuminate\Pipeline\{closure}(Object(Illuminate\Http\Request))
#41 C:\Users\tgomez\Desktop\dev\api-payments\vendor\laravel\framework\src\Illuminate\Pipeline\Pipeline.php(167): Illuminate\Foundation\Http\Middleware\ValidatePostSize->handle(Object(Illuminate\Http\Request), Object(Closure))
#42 C:\Users\tgomez\Desktop\dev\api-payments\vendor\laravel\framework\src\Illuminate\Foundation\Http\Middleware\PreventRequestsDuringMaintenance.php(86): Illuminate\Pipeline\Pipeline->Illuminate\Pipeline\{closure}(Object(Illuminate\Http\Request))
#43 C:\Users\tgomez\Desktop\dev\api-payments\vendor\laravel\framework\src\Illuminate\Pipeline\Pipeline.php(167): Illuminate\Foundation\Http\Middleware\PreventRequestsDuringMaintenance->handle(Object(Illuminate\Http\Request), Object(Closure))
#44 C:\Users\tgomez\Desktop\dev\api-payments\vendor\fruitcake\laravel-cors\src\HandleCors.php(38): Illuminate\Pipeline\Pipeline->Illuminate\Pipeline\{closure}(Object(Illuminate\Http\Request))
#45 C:\Users\tgomez\Desktop\dev\api-payments\vendor\laravel\framework\src\Illuminate\Pipeline\Pipeline.php(167): Fruitcake\Cors\HandleCors->handle(Object(Illuminate\Http\Request), Object(Closure))
#46 C:\Users\tgomez\Desktop\dev\api-payments\vendor\laravel\framework\src\Illuminate\Http\Middleware\TrustProxies.php(39): Illuminate\Pipeline\Pipeline->Illuminate\Pipeline\{closure}(Object(Illuminate\Http\Request))
#47 C:\Users\tgomez\Desktop\dev\api-payments\vendor\laravel\framework\src\Illuminate\Pipeline\Pipeline.php(167): Illuminate\Http\Middleware\TrustProxies->handle(Object(Illuminate\Http\Request), Object(Closure))
#48 C:\Users\tgomez\Desktop\dev\api-payments\vendor\laravel\framework\src\Illuminate\Pipeline\Pipeline.php(103): Illuminate\Pipeline\Pipeline->Illuminate\Pipeline\{closure}(Object(Illuminate\Http\Request))
#49 C:\Users\tgomez\Desktop\dev\api-payments\vendor\laravel\framework\src\Illuminate\Foundation\Http\Kernel.php(142): Illuminate\Pipeline\Pipeline->then(Object(Closure))
#50 C:\Users\tgomez\Desktop\dev\api-payments\vendor\laravel\framework\src\Illuminate\Foundation\Http\Kernel.php(111): Illuminate\Foundation\Http\Kernel->sendRequestThroughRouter(Object(Illuminate\Http\Request))
#51 C:\Users\tgomez\Desktop\dev\api-payments\public\index.php(52): Illuminate\Foundation\Http\Kernel->handle(Object(Illuminate\Http\Request))
#52 C:\Users\tgomez\Desktop\dev\api-payments\server.php(21): require_once('C:\\Users\\tgomez...')
#53 {main}
2023-01-11 20:07:05 SEVERE: Exception occured while Saving OAuthTokens to file(file::ZohoOAuthPersistenceByFile)(file_get_contents(/home/thomasloader/dev/oceano/api-payments/storage/app/zoho/php_sdk_token.txt/zcrm_oauthtokens.txt): Failed to open stream: No such file or directory)
ErrorException: file_get_contents(/home/thomasloader/dev/oceano/api-payments/storage/app/zoho/php_sdk_token.txt/zcrm_oauthtokens.txt): Failed to open stream: No such file or directory in /home/thomasloader/dev/oceano/api-payments/vendor/zohocrm/php-sdk-archive/src/oauth/persistence/ZohoOAuthPersistenceByFile.php:72
Stack trace:
#0 [internal function]: Illuminate\Foundation\Bootstrap\HandleExceptions->handleError()
#1 /home/thomasloader/dev/oceano/api-payments/vendor/zohocrm/php-sdk-archive/src/oauth/persistence/ZohoOAuthPersistenceByFile.php(72): file_get_contents()
#2 /home/thomasloader/dev/oceano/api-payments/vendor/zohocrm/php-sdk-archive/src/oauth/persistence/ZohoOAuthPersistenceByFile.php(23): zcrmsdk\oauth\persistence\ZohoOAuthPersistenceByFile->deleteOAuthTokens()
#3 /home/thomasloader/dev/oceano/api-payments/vendor/zohocrm/php-sdk-archive/src/oauth/ZohoOAuthClient.php(97): zcrmsdk\oauth\persistence\ZohoOAuthPersistenceByFile->saveOAuthData()
#4 /home/thomasloader/dev/oceano/api-payments/vendor/zohocrm/php-sdk-archive/src/oauth/ZohoOAuthClient.php(78): zcrmsdk\oauth\ZohoOAuthClient->refreshAccessToken()
#5 /home/thomasloader/dev/oceano/api-payments/app/Http/Controllers/ZohoController.php(30): zcrmsdk\oauth\ZohoOAuthClient->generateAccessTokenFromRefreshToken()
#6 [internal function]: App\Http\Controllers\ZohoController->__construct()
#7 /home/thomasloader/dev/oceano/api-payments/vendor/laravel/framework/src/Illuminate/Container/Container.php(917): ReflectionClass->newInstanceArgs()
#8 /home/thomasloader/dev/oceano/api-payments/vendor/laravel/framework/src/Illuminate/Container/Container.php(758): Illuminate\Container\Container->build()
#9 /home/thomasloader/dev/oceano/api-payments/vendor/laravel/framework/src/Illuminate/Foundation/Application.php(851): Illuminate\Container\Container->resolve()
#10 /home/thomasloader/dev/oceano/api-payments/vendor/laravel/framework/src/Illuminate/Container/Container.php(694): Illuminate\Foundation\Application->resolve()
#11 /home/thomasloader/dev/oceano/api-payments/vendor/laravel/framework/src/Illuminate/Foundation/Application.php(836): Illuminate\Container\Container->make()
#12 /home/thomasloader/dev/oceano/api-payments/vendor/laravel/framework/src/Illuminate/Routing/Route.php(276): Illuminate\Foundation\Application->make()
#13 /home/thomasloader/dev/oceano/api-payments/vendor/laravel/framework/src/Illuminate/Routing/Route.php(1080): Illuminate\Routing\Route->getController()
#14 /home/thomasloader/dev/oceano/api-payments/vendor/laravel/framework/src/Illuminate/Routing/Route.php(1023): Illuminate\Routing\Route->controllerMiddleware()
#15 /home/thomasloader/dev/oceano/api-payments/vendor/laravel/framework/src/Illuminate/Routing/Router.php(734): Illuminate\Routing\Route->gatherMiddleware()
#16 /home/thomasloader/dev/oceano/api-payments/vendor/laravel/framework/src/Illuminate/Routing/Router.php(714): Illuminate\Routing\Router->gatherRouteMiddleware()
#17 /home/thomasloader/dev/oceano/api-payments/vendor/laravel/framework/src/Illuminate/Routing/Router.php(698): Illuminate\Routing\Router->runRouteWithinStack()
#18 /home/thomasloader/dev/oceano/api-payments/vendor/laravel/framework/src/Illuminate/Routing/Router.php(662): Illuminate\Routing\Router->runRoute()
#19 /home/thomasloader/dev/oceano/api-payments/vendor/laravel/framework/src/Illuminate/Routing/Router.php(651): Illuminate\Routing\Router->dispatchToRoute()
#20 /home/thomasloader/dev/oceano/api-payments/vendor/laravel/framework/src/Illuminate/Foundation/Http/Kernel.php(167): Illuminate\Routing\Router->dispatch()
#21 /home/thomasloader/dev/oceano/api-payments/vendor/laravel/framework/src/Illuminate/Pipeline/Pipeline.php(128): Illuminate\Foundation\Http\Kernel->Illuminate\Foundation\Http\{closure}()
#22 /home/thomasloader/dev/oceano/api-payments/vendor/laravel/framework/src/Illuminate/Foundation/Http/Middleware/TransformsRequest.php(21): Illuminate\Pipeline\Pipeline->Illuminate\Pipeline\{closure}()
#23 /home/thomasloader/dev/oceano/api-payments/vendor/laravel/framework/src/Illuminate/Foundation/Http/Middleware/ConvertEmptyStringsToNull.php(31): Illuminate\Foundation\Http\Middleware\TransformsRequest->handle()
#24 /home/thomasloader/dev/oceano/api-payments/vendor/laravel/framework/src/Illuminate/Pipeline/Pipeline.php(167): Illuminate\Foundation\Http\Middleware\ConvertEmptyStringsToNull->handle()
#25 /home/thomasloader/dev/oceano/api-payments/vendor/laravel/framework/src/Illuminate/Foundation/Http/Middleware/TransformsRequest.php(21): Illuminate\Pipeline\Pipeline->Illuminate\Pipeline\{closure}()
#26 /home/thomasloader/dev/oceano/api-payments/vendor/laravel/framework/src/Illuminate/Foundation/Http/Middleware/TrimStrings.php(40): Illuminate\Foundation\Http\Middleware\TransformsRequest->handle()
#27 /home/thomasloader/dev/oceano/api-payments/vendor/laravel/framework/src/Illuminate/Pipeline/Pipeline.php(167): Illuminate\Foundation\Http\Middleware\TrimStrings->handle()
#28 /home/thomasloader/dev/oceano/api-payments/vendor/laravel/framework/src/Illuminate/Foundation/Http/Middleware/ValidatePostSize.php(27): Illuminate\Pipeline\Pipeline->Illuminate\Pipeline\{closure}()
#29 /home/thomasloader/dev/oceano/api-payments/vendor/laravel/framework/src/Illuminate/Pipeline/Pipeline.php(167): Illuminate\Foundation\Http\Middleware\ValidatePostSize->handle()
#30 /home/thomasloader/dev/oceano/api-payments/vendor/laravel/framework/src/Illuminate/Foundation/Http/Middleware/PreventRequestsDuringMaintenance.php(86): Illuminate\Pipeline\Pipeline->Illuminate\Pipeline\{closure}()
#31 /home/thomasloader/dev/oceano/api-payments/vendor/laravel/framework/src/Illuminate/Pipeline/Pipeline.php(167): Illuminate\Foundation\Http\Middleware\PreventRequestsDuringMaintenance->handle()
#32 /home/thomasloader/dev/oceano/api-payments/vendor/fruitcake/laravel-cors/src/HandleCors.php(38): Illuminate\Pipeline\Pipeline->Illuminate\Pipeline\{closure}()
#33 /home/thomasloader/dev/oceano/api-payments/vendor/laravel/framework/src/Illuminate/Pipeline/Pipeline.php(167): Fruitcake\Cors\HandleCors->handle()
#34 /home/thomasloader/dev/oceano/api-payments/vendor/laravel/framework/src/Illuminate/Http/Middleware/TrustProxies.php(39): Illuminate\Pipeline\Pipeline->Illuminate\Pipeline\{closure}()
#35 /home/thomasloader/dev/oceano/api-payments/vendor/laravel/framework/src/Illuminate/Pipeline/Pipeline.php(167): Illuminate\Http\Middleware\TrustProxies->handle()
#36 /home/thomasloader/dev/oceano/api-payments/vendor/laravel/framework/src/Illuminate/Pipeline/Pipeline.php(103): Illuminate\Pipeline\Pipeline->Illuminate\Pipeline\{closure}()
#37 /home/thomasloader/dev/oceano/api-payments/vendor/laravel/framework/src/Illuminate/Foundation/Http/Kernel.php(142): Illuminate\Pipeline\Pipeline->then()
#38 /home/thomasloader/dev/oceano/api-payments/vendor/laravel/framework/src/Illuminate/Foundation/Http/Kernel.php(111): Illuminate\Foundation\Http\Kernel->sendRequestThroughRouter()
#39 /home/thomasloader/dev/oceano/api-payments/public/index.php(52): Illuminate\Foundation\Http\Kernel->handle()
#40 /home/thomasloader/dev/oceano/api-payments/server.php(21): require_once('...')
#41 {main}
2023-01-11 20:07:05 SEVERE: Exception occured while Saving OAuthTokens to file(file::ZohoOAuthPersistenceByFile)(file_get_contents(/home/thomasloader/dev/oceano/api-payments/storage/app/zoho/php_sdk_token.txt/zcrm_oauthtokens.txt): Failed to open stream: No such file or directory)
ErrorException: file_get_contents(/home/thomasloader/dev/oceano/api-payments/storage/app/zoho/php_sdk_token.txt/zcrm_oauthtokens.txt): Failed to open stream: No such file or directory in /home/thomasloader/dev/oceano/api-payments/vendor/zohocrm/php-sdk-archive/src/oauth/persistence/ZohoOAuthPersistenceByFile.php:72
Stack trace:
#0 [internal function]: Illuminate\Foundation\Bootstrap\HandleExceptions->handleError()
#1 /home/thomasloader/dev/oceano/api-payments/vendor/zohocrm/php-sdk-archive/src/oauth/persistence/ZohoOAuthPersistenceByFile.php(72): file_get_contents()
#2 /home/thomasloader/dev/oceano/api-payments/vendor/zohocrm/php-sdk-archive/src/oauth/persistence/ZohoOAuthPersistenceByFile.php(23): zcrmsdk\oauth\persistence\ZohoOAuthPersistenceByFile->deleteOAuthTokens()
#3 /home/thomasloader/dev/oceano/api-payments/vendor/zohocrm/php-sdk-archive/src/oauth/ZohoOAuthClient.php(97): zcrmsdk\oauth\persistence\ZohoOAuthPersistenceByFile->saveOAuthData()
#4 /home/thomasloader/dev/oceano/api-payments/vendor/zohocrm/php-sdk-archive/src/oauth/ZohoOAuthClient.php(78): zcrmsdk\oauth\ZohoOAuthClient->refreshAccessToken()
#5 /home/thomasloader/dev/oceano/api-payments/app/Http/Controllers/ZohoController.php(30): zcrmsdk\oauth\ZohoOAuthClient->generateAccessTokenFromRefreshToken()
#6 [internal function]: App\Http\Controllers\ZohoController->__construct()
#7 /home/thomasloader/dev/oceano/api-payments/vendor/laravel/framework/src/Illuminate/Container/Container.php(917): ReflectionClass->newInstanceArgs()
#8 /home/thomasloader/dev/oceano/api-payments/vendor/laravel/framework/src/Illuminate/Container/Container.php(758): Illuminate\Container\Container->build()
#9 /home/thomasloader/dev/oceano/api-payments/vendor/laravel/framework/src/Illuminate/Foundation/Application.php(851): Illuminate\Container\Container->resolve()
#10 /home/thomasloader/dev/oceano/api-payments/vendor/laravel/framework/src/Illuminate/Container/Container.php(694): Illuminate\Foundation\Application->resolve()
#11 /home/thomasloader/dev/oceano/api-payments/vendor/laravel/framework/src/Illuminate/Foundation/Application.php(836): Illuminate\Container\Container->make()
#12 /home/thomasloader/dev/oceano/api-payments/vendor/laravel/framework/src/Illuminate/Routing/Route.php(276): Illuminate\Foundation\Application->make()
#13 /home/thomasloader/dev/oceano/api-payments/vendor/laravel/framework/src/Illuminate/Routing/Route.php(1080): Illuminate\Routing\Route->getController()
#14 /home/thomasloader/dev/oceano/api-payments/vendor/laravel/framework/src/Illuminate/Routing/Route.php(1023): Illuminate\Routing\Route->controllerMiddleware()
#15 /home/thomasloader/dev/oceano/api-payments/vendor/laravel/framework/src/Illuminate/Routing/Router.php(734): Illuminate\Routing\Route->gatherMiddleware()
#16 /home/thomasloader/dev/oceano/api-payments/vendor/laravel/framework/src/Illuminate/Routing/Router.php(714): Illuminate\Routing\Router->gatherRouteMiddleware()
#17 /home/thomasloader/dev/oceano/api-payments/vendor/laravel/framework/src/Illuminate/Routing/Router.php(698): Illuminate\Routing\Router->runRouteWithinStack()
#18 /home/thomasloader/dev/oceano/api-payments/vendor/laravel/framework/src/Illuminate/Routing/Router.php(662): Illuminate\Routing\Router->runRoute()
#19 /home/thomasloader/dev/oceano/api-payments/vendor/laravel/framework/src/Illuminate/Routing/Router.php(651): Illuminate\Routing\Router->dispatchToRoute()
#20 /home/thomasloader/dev/oceano/api-payments/vendor/laravel/framework/src/Illuminate/Foundation/Http/Kernel.php(167): Illuminate\Routing\Router->dispatch()
#21 /home/thomasloader/dev/oceano/api-payments/vendor/laravel/framework/src/Illuminate/Pipeline/Pipeline.php(128): Illuminate\Foundation\Http\Kernel->Illuminate\Foundation\Http\{closure}()
#22 /home/thomasloader/dev/oceano/api-payments/vendor/laravel/framework/src/Illuminate/Foundation/Http/Middleware/TransformsRequest.php(21): Illuminate\Pipeline\Pipeline->Illuminate\Pipeline\{closure}()
#23 /home/thomasloader/dev/oceano/api-payments/vendor/laravel/framework/src/Illuminate/Foundation/Http/Middleware/ConvertEmptyStringsToNull.php(31): Illuminate\Foundation\Http\Middleware\TransformsRequest->handle()
#24 /home/thomasloader/dev/oceano/api-payments/vendor/laravel/framework/src/Illuminate/Pipeline/Pipeline.php(167): Illuminate\Foundation\Http\Middleware\ConvertEmptyStringsToNull->handle()
#25 /home/thomasloader/dev/oceano/api-payments/vendor/laravel/framework/src/Illuminate/Foundation/Http/Middleware/TransformsRequest.php(21): Illuminate\Pipeline\Pipeline->Illuminate\Pipeline\{closure}()
#26 /home/thomasloader/dev/oceano/api-payments/vendor/laravel/framework/src/Illuminate/Foundation/Http/Middleware/TrimStrings.php(40): Illuminate\Foundation\Http\Middleware\TransformsRequest->handle()
#27 /home/thomasloader/dev/oceano/api-payments/vendor/laravel/framework/src/Illuminate/Pipeline/Pipeline.php(167): Illuminate\Foundation\Http\Middleware\TrimStrings->handle()
#28 /home/thomasloader/dev/oceano/api-payments/vendor/laravel/framework/src/Illuminate/Foundation/Http/Middleware/ValidatePostSize.php(27): Illuminate\Pipeline\Pipeline->Illuminate\Pipeline\{closure}()
#29 /home/thomasloader/dev/oceano/api-payments/vendor/laravel/framework/src/Illuminate/Pipeline/Pipeline.php(167): Illuminate\Foundation\Http\Middleware\ValidatePostSize->handle()
#30 /home/thomasloader/dev/oceano/api-payments/vendor/laravel/framework/src/Illuminate/Foundation/Http/Middleware/PreventRequestsDuringMaintenance.php(86): Illuminate\Pipeline\Pipeline->Illuminate\Pipeline\{closure}()
#31 /home/thomasloader/dev/oceano/api-payments/vendor/laravel/framework/src/Illuminate/Pipeline/Pipeline.php(167): Illuminate\Foundation\Http\Middleware\PreventRequestsDuringMaintenance->handle()
#32 /home/thomasloader/dev/oceano/api-payments/vendor/fruitcake/laravel-cors/src/HandleCors.php(38): Illuminate\Pipeline\Pipeline->Illuminate\Pipeline\{closure}()
#33 /home/thomasloader/dev/oceano/api-payments/vendor/laravel/framework/src/Illuminate/Pipeline/Pipeline.php(167): Fruitcake\Cors\HandleCors->handle()
#34 /home/thomasloader/dev/oceano/api-payments/vendor/laravel/framework/src/Illuminate/Http/Middleware/TrustProxies.php(39): Illuminate\Pipeline\Pipeline->Illuminate\Pipeline\{closure}()
#35 /home/thomasloader/dev/oceano/api-payments/vendor/laravel/framework/src/Illuminate/Pipeline/Pipeline.php(167): Illuminate\Http\Middleware\TrustProxies->handle()
#36 /home/thomasloader/dev/oceano/api-payments/vendor/laravel/framework/src/Illuminate/Pipeline/Pipeline.php(103): Illuminate\Pipeline\Pipeline->Illuminate\Pipeline\{closure}()
#37 /home/thomasloader/dev/oceano/api-payments/vendor/laravel/framework/src/Illuminate/Foundation/Http/Kernel.php(142): Illuminate\Pipeline\Pipeline->then()
#38 /home/thomasloader/dev/oceano/api-payments/vendor/laravel/framework/src/Illuminate/Foundation/Http/Kernel.php(111): Illuminate\Foundation\Http\Kernel->sendRequestThroughRouter()
#39 /home/thomasloader/dev/oceano/api-payments/public/index.php(52): Illuminate\Foundation\Http\Kernel->handle()
#40 /home/thomasloader/dev/oceano/api-payments/server.php(21): require_once('...')
#41 {main}
